SF:lib\main.dart
DA:7,0
DA:8,0
DA:12,2
DA:14,1
DA:16,1
DA:17,1
DA:33,1
DA:35,1
DA:36,1
DA:68,0
DA:69,0
DA:70,0
DA:74,1
DA:76,1
DA:77,3
DA:78,1
DA:79,1
DA:80,1
LF:18
LH:13
end_of_record
SF:lib\pages\about_us_screen.dart
DA:8,1
DA:10,0
DA:12,0
DA:14,0
DA:15,0
DA:18,0
DA:20,0
DA:23,0
DA:37,0
DA:51,0
DA:65,0
DA:79,0
DA:93,0
DA:96,0
DA:98,0
DA:100,0
DA:102,0
DA:103,0
DA:120,0
DA:122,0
DA:123,0
DA:140,0
DA:142,0
DA:143,0
DA:163,0
DA:177,0
DA:180,0
DA:182,0
DA:184,0
DA:186,0
DA:187,0
DA:204,0
DA:206,0
DA:207,0
DA:224,0
DA:226,0
DA:227,0
DA:244,0
DA:246,0
DA:247,0
LF:40
LH:1
end_of_record
SF:lib\pages\home_screen.dart
DA:7,1
DA:9,1
DA:10,1
DA:16,1
DA:18,1
DA:19,1
DA:21,1
DA:23,1
DA:25,1
DA:26,1
DA:27,1
DA:28,1
DA:34,1
DA:36,1
DA:39,1
DA:43,1
DA:44,1
DA:45,1
DA:46,1
DA:47,1
DA:55,1
DA:57,1
DA:59,1
DA:60,1
DA:63,1
DA:64,1
DA:67,1
DA:72,1
DA:73,1
DA:75,2
DA:76,1
DA:77,2
DA:78,1
DA:81,1
DA:82,1
DA:87,2
DA:94,0
DA:96,0
DA:97,0
DA:106,0
DA:107,0
DA:108,0
DA:109,0
DA:110,0
DA:111,0
DA:113,0
LF:46
LH:36
end_of_record
SF:lib\pages\news_screen.dart
DA:5,1
DA:7,0
DA:8,0
DA:15,0
DA:17,0
DA:18,0
DA:20,0
DA:22,0
DA:24,0
DA:28,0
DA:29,0
DA:30,0
DA:31,0
DA:32,0
DA:38,0
DA:40,0
DA:42,0
DA:43,0
DA:46,0
DA:47,0
DA:50,0
DA:55,0
DA:56,0
DA:57,0
DA:58,0
DA:59,0
DA:60,0
DA:62,0
DA:63,0
DA:68,0
DA:101,0
DA:102,0
DA:103,0
DA:104,0
DA:105,0
DA:106,0
DA:108,0
LF:37
LH:1
end_of_record
SF:lib\pages\profile_screen.dart
DA:7,1
DA:9,0
DA:11,0
DA:13,0
DA:14,0
DA:17,0
DA:19,0
DA:21,0
DA:23,0
DA:27,0
DA:28,0
DA:30,0
DA:44,0
DA:59,0
DA:74,0
DA:89,0
DA:104,0
DA:119,0
DA:141,0
DA:156,0
DA:171,0
DA:186,0
DA:201,0
LF:23
LH:1
end_of_record
SF:lib\model\news.dart
DA:6,1
LF:1
LH:1
end_of_record
SF:lib\model\wisata.dart
DA:8,1
LF:1
LH:1
end_of_record
SF:lib\pages\detail_wisata_screen.dart
DA:8,0
DA:11,0
DA:13,0
DA:15,0
DA:16,0
DA:17,0
DA:19,0
DA:22,0
DA:24,0
DA:26,0
DA:27,0
DA:34,0
DA:48,0
DA:50,0
DA:51,0
DA:60,0
DA:74,0
DA:77,0
DA:78,0
DA:87,0
DA:101,0
DA:104,0
DA:105,0
LF:23
LH:0
end_of_record
